[2025-12-11T13:00:24.864+0000] {local_task_job_runner.py:120} INFO - ::group::Pre task execution logs
[2025-12-11T13:00:24.944+0000] {taskinstance.py:2073} INFO - Dependencies all met for dep_context=non-requeueable deps ti=<TaskInstance: postgres_to_sqlserver_without_connection_id.extract_task manual__2025-12-11T12:55:08.546161+00:00 [queued]>
[2025-12-11T13:00:24.956+0000] {taskinstance.py:2073} INFO - Dependencies all met for dep_context=requeueable deps ti=<TaskInstance: postgres_to_sqlserver_without_connection_id.extract_task manual__2025-12-11T12:55:08.546161+00:00 [queued]>
[2025-12-11T13:00:24.957+0000] {taskinstance.py:2303} INFO - Starting attempt 1 of 1
[2025-12-11T13:00:25.008+0000] {taskinstance.py:2327} INFO - Executing <Task(PythonOperator): extract_task> on 2025-12-11 12:55:08.546161+00:00
[2025-12-11T13:00:25.019+0000] {standard_task_runner.py:90} INFO - Running: ['***', 'tasks', 'run', 'postgres_to_sqlserver_without_connection_id', 'extract_task', 'manual__2025-12-11T12:55:08.546161+00:00', '--job-id', '223', '--raw', '--subdir', 'DAGS_FOLDER/pg_to_sql_dag.py', '--cfg-path', '/tmp/tmp6nhdwt29']
[2025-12-11T13:00:25.021+0000] {logging_mixin.py:188} WARNING - /home/***/.local/lib/python3.12/site-packages/***/task/task_runner/standard_task_runner.py:61 DeprecationWarning: This process (pid=30) is multi-threaded, use of fork() may lead to deadlocks in the child.
[2025-12-11T13:00:25.024+0000] {standard_task_runner.py:91} INFO - Job 223: Subtask extract_task
[2025-12-11T13:00:25.024+0000] {standard_task_runner.py:63} INFO - Started process 39 to run task
[2025-12-11T13:00:25.114+0000] {logging_mixin.py:188} WARNING - /home/***/.local/lib/python3.12/site-packages/***/settings.py:195 DeprecationWarning: The sql_alchemy_conn option in [core] has been moved to the sql_alchemy_conn option in [database] - the old setting has been used, but please update your config.
[2025-12-11T13:00:25.234+0000] {task_command.py:426} INFO - Running <TaskInstance: postgres_to_sqlserver_without_connection_id.extract_task manual__2025-12-11T12:55:08.546161+00:00 [running]> on host 96e6b20aaf9c
[2025-12-11T13:00:25.651+0000] {taskinstance.py:2644} INFO - Exporting env vars: AIRFLOW_CTX_DAG_OWNER='***' AIRFLOW_CTX_DAG_ID='postgres_to_sqlserver_without_connection_id' AIRFLOW_CTX_TASK_ID='extract_task' AIRFLOW_CTX_EXECUTION_DATE='2025-12-11T12:55:08.546161+00:00' AIRFLOW_CTX_TRY_NUMBER='1' AIRFLOW_CTX_DAG_RUN_ID='manual__2025-12-11T12:55:08.546161+00:00'
[2025-12-11T13:00:25.653+0000] {taskinstance.py:430} INFO - ::endgroup::
[2025-12-11T13:00:25.933+0000] {logging_mixin.py:188} WARNING - /opt/***/dags/pg_to_sql_dag.py:35 UserWarning: pandas only supports SQLAlchemy connectable (engine/connection) or database string URI or sqlite3 DBAPI2 connection. Other DBAPI2 objects are not tested. Please consider using SQLAlchemy.
[2025-12-11T13:00:25.967+0000] {taskinstance.py:441} INFO - ::group::Post task execution logs
[2025-12-11T13:00:25.968+0000] {taskinstance.py:2890} ERROR - Task failed with exception
Traceback (most recent call last):
  File "/home/airflow/.local/lib/python3.12/site-packages/pandas/io/sql.py", line 2262, in execute
    cur.execute(sql, *args)
psycopg2.errors.UndefinedTable: relation "public.pg_tbl_test" does not exist
LINE 1: SELECT id, "name" FROM public.pg_tbl_test;
                               ^


The above exception was the direct cause of the following exception:

Traceback (most recent call last):
  File "/home/airflow/.local/lib/python3.12/site-packages/airflow/models/taskinstance.py", line 465, in _execute_task
    result = _execute_callable(context=context, **execute_callable_kwargs)
             ^^^^^^^^^^^^^^^^^^^^^^^^^^^^^^^^^^^^^^^^^^^^^^^^^^^^^^^^^^^^^
  File "/home/airflow/.local/lib/python3.12/site-packages/airflow/models/taskinstance.py", line 432, in _execute_callable
    return execute_callable(context=context, **execute_callable_kwargs)
           ^^^^^^^^^^^^^^^^^^^^^^^^^^^^^^^^^^^^^^^^^^^^^^^^^^^^^^^^^^^^
  File "/home/airflow/.local/lib/python3.12/site-packages/airflow/models/baseoperator.py", line 400, in wrapper
    return func(self, *args, **kwargs)
           ^^^^^^^^^^^^^^^^^^^^^^^^^^^
  File "/home/airflow/.local/lib/python3.12/site-packages/airflow/operators/python.py", line 235, in execute
    return_value = self.execute_callable()
                   ^^^^^^^^^^^^^^^^^^^^^^^
  File "/home/airflow/.local/lib/python3.12/site-packages/airflow/operators/python.py", line 252, in execute_callable
    return self.python_callable(*self.op_args, **self.op_kwargs)
           ^^^^^^^^^^^^^^^^^^^^^^^^^^^^^^^^^^^^^^^^^^^^^^^^^^^^^
  File "/opt/airflow/dags/pg_to_sql_dag.py", line 35, in extract_from_postgres
    df = pd.read_sql(query, conn)
         ^^^^^^^^^^^^^^^^^^^^^^^^
  File "/home/airflow/.local/lib/python3.12/site-packages/pandas/io/sql.py", line 654, in read_sql
    return pandas_sql.read_query(
           ^^^^^^^^^^^^^^^^^^^^^^
  File "/home/airflow/.local/lib/python3.12/site-packages/pandas/io/sql.py", line 2326, in read_query
    cursor = self.execute(sql, params)
             ^^^^^^^^^^^^^^^^^^^^^^^^^
  File "/home/airflow/.local/lib/python3.12/site-packages/pandas/io/sql.py", line 2274, in execute
    raise ex from exc
pandas.errors.DatabaseError: Execution failed on sql 'SELECT id, "name" FROM public.pg_tbl_test;': relation "public.pg_tbl_test" does not exist
LINE 1: SELECT id, "name" FROM public.pg_tbl_test;
                               ^

[2025-12-11T13:00:26.019+0000] {taskinstance.py:1205} INFO - Marking task as FAILED. dag_id=postgres_to_sqlserver_without_connection_id, task_id=extract_task, execution_date=20251211T125508, start_date=20251211T130024, end_date=20251211T130026
[2025-12-11T13:00:26.117+0000] {standard_task_runner.py:110} ERROR - Failed to execute job 223 for task extract_task (Execution failed on sql 'SELECT id, "name" FROM public.pg_tbl_test;': relation "public.pg_tbl_test" does not exist
LINE 1: SELECT id, "name" FROM public.pg_tbl_test;
                               ^
; 39)
[2025-12-11T13:00:26.164+0000] {local_task_job_runner.py:240} INFO - Task exited with return code 1
[2025-12-11T13:00:26.230+0000] {taskinstance.py:3482} INFO - 0 downstream tasks scheduled from follow-on schedule check
[2025-12-11T13:00:26.266+0000] {local_task_job_runner.py:222} INFO - ::endgroup::
