[2025-12-11T13:48:46.264+0000] {local_task_job_runner.py:120} INFO - ::group::Pre task execution logs
[2025-12-11T13:48:46.355+0000] {taskinstance.py:2073} INFO - Dependencies all met for dep_context=non-requeueable deps ti=<TaskInstance: sqlserver_to_file_pymssql_dag.export_task manual__2025-12-11T13:48:38.486714+00:00 [queued]>
[2025-12-11T13:48:46.370+0000] {taskinstance.py:2073} INFO - Dependencies all met for dep_context=requeueable deps ti=<TaskInstance: sqlserver_to_file_pymssql_dag.export_task manual__2025-12-11T13:48:38.486714+00:00 [queued]>
[2025-12-11T13:48:46.371+0000] {taskinstance.py:2303} INFO - Starting attempt 1 of 1
[2025-12-11T13:48:46.420+0000] {taskinstance.py:2327} INFO - Executing <Task(PythonOperator): export_task> on 2025-12-11 13:48:38.486714+00:00
[2025-12-11T13:48:46.434+0000] {logging_mixin.py:188} WARNING - /home/***/.local/lib/python3.12/site-packages/***/task/task_runner/standard_task_runner.py:61 DeprecationWarning: This process (pid=737) is multi-threaded, use of fork() may lead to deadlocks in the child.
[2025-12-11T13:48:46.432+0000] {standard_task_runner.py:90} INFO - Running: ['***', 'tasks', 'run', 'sqlserver_to_file_pymssql_dag', 'export_task', 'manual__2025-12-11T13:48:38.486714+00:00', '--job-id', '227', '--raw', '--subdir', 'DAGS_FOLDER/sqlserver_to_file_dag_2.py', '--cfg-path', '/tmp/tmpf2ajbxg3']
[2025-12-11T13:48:46.436+0000] {standard_task_runner.py:63} INFO - Started process 744 to run task
[2025-12-11T13:48:46.436+0000] {standard_task_runner.py:91} INFO - Job 227: Subtask export_task
[2025-12-11T13:48:46.509+0000] {logging_mixin.py:188} WARNING - /home/***/.local/lib/python3.12/site-packages/***/settings.py:195 DeprecationWarning: The sql_alchemy_conn option in [core] has been moved to the sql_alchemy_conn option in [database] - the old setting has been used, but please update your config.
[2025-12-11T13:48:46.627+0000] {task_command.py:426} INFO - Running <TaskInstance: sqlserver_to_file_pymssql_dag.export_task manual__2025-12-11T13:48:38.486714+00:00 [running]> on host 96e6b20aaf9c
[2025-12-11T13:48:46.936+0000] {taskinstance.py:2644} INFO - Exporting env vars: AIRFLOW_CTX_DAG_OWNER='***' AIRFLOW_CTX_DAG_ID='sqlserver_to_file_pymssql_dag' AIRFLOW_CTX_TASK_ID='export_task' AIRFLOW_CTX_EXECUTION_DATE='2025-12-11T13:48:38.486714+00:00' AIRFLOW_CTX_TRY_NUMBER='1' AIRFLOW_CTX_DAG_RUN_ID='manual__2025-12-11T13:48:38.486714+00:00'
[2025-12-11T13:48:46.937+0000] {taskinstance.py:430} INFO - ::endgroup::
[2025-12-11T13:48:47.274+0000] {taskinstance.py:441} INFO - ::group::Post task execution logs
[2025-12-11T13:48:47.275+0000] {taskinstance.py:2890} ERROR - Task failed with exception
Traceback (most recent call last):
  File "src/pymssql/_pymssql.pyx", line 650, in pymssql._pymssql.connect
  File "src/pymssql/_mssql.pyx", line 2168, in pymssql._mssql.connect
  File "src/pymssql/_mssql.pyx", line 712, in pymssql._mssql.MSSQLConnection.__init__
  File "src/pymssql/_mssql.pyx", line 1894, in pymssql._mssql.maybe_raise_MSSQLDatabaseException
  File "src/pymssql/_mssql.pyx", line 1911, in pymssql._mssql.raise_MSSQLDatabaseException
pymssql._mssql.MSSQLDatabaseException: (20009, b'DB-Lib error message 20009, severity 9:\nUnable to connect: Adaptive Server is unavailable or does not exist (mssql)\n')

During handling of the above exception, another exception occurred:

Traceback (most recent call last):
  File "/home/airflow/.local/lib/python3.12/site-packages/airflow/models/taskinstance.py", line 465, in _execute_task
    result = _execute_callable(context=context, **execute_callable_kwargs)
             ^^^^^^^^^^^^^^^^^^^^^^^^^^^^^^^^^^^^^^^^^^^^^^^^^^^^^^^^^^^^^
  File "/home/airflow/.local/lib/python3.12/site-packages/airflow/models/taskinstance.py", line 432, in _execute_callable
    return execute_callable(context=context, **execute_callable_kwargs)
           ^^^^^^^^^^^^^^^^^^^^^^^^^^^^^^^^^^^^^^^^^^^^^^^^^^^^^^^^^^^^
  File "/home/airflow/.local/lib/python3.12/site-packages/airflow/models/baseoperator.py", line 400, in wrapper
    return func(self, *args, **kwargs)
           ^^^^^^^^^^^^^^^^^^^^^^^^^^^
  File "/home/airflow/.local/lib/python3.12/site-packages/airflow/operators/python.py", line 235, in execute
    return_value = self.execute_callable()
                   ^^^^^^^^^^^^^^^^^^^^^^^
  File "/home/airflow/.local/lib/python3.12/site-packages/airflow/operators/python.py", line 252, in execute_callable
    return self.python_callable(*self.op_args, **self.op_kwargs)
           ^^^^^^^^^^^^^^^^^^^^^^^^^^^^^^^^^^^^^^^^^^^^^^^^^^^^^
  File "/opt/airflow/dags/sqlserver_to_file_dag_2.py", line 8, in export_sqlserver_data
    conn = pymssql.connect(
           ^^^^^^^^^^^^^^^^
  File "src/pymssql/_pymssql.pyx", line 659, in pymssql._pymssql.connect
pymssql.exceptions.OperationalError: (20009, b'DB-Lib error message 20009, severity 9:\nUnable to connect: Adaptive Server is unavailable or does not exist (mssql)\n')
[2025-12-11T13:48:47.322+0000] {taskinstance.py:1205} INFO - Marking task as FAILED. dag_id=sqlserver_to_file_pymssql_dag, task_id=export_task, execution_date=20251211T134838, start_date=20251211T134846, end_date=20251211T134847
[2025-12-11T13:48:47.395+0000] {standard_task_runner.py:110} ERROR - Failed to execute job 227 for task export_task ((20009, b'DB-Lib error message 20009, severity 9:\nUnable to connect: Adaptive Server is unavailable or does not exist (mssql)\n'); 744)
[2025-12-11T13:48:47.414+0000] {local_task_job_runner.py:240} INFO - Task exited with return code 1
[2025-12-11T13:48:47.475+0000] {taskinstance.py:3482} INFO - 0 downstream tasks scheduled from follow-on schedule check
[2025-12-11T13:48:47.504+0000] {local_task_job_runner.py:222} INFO - ::endgroup::
